// 重构日志: a01309e7
// 重构日志: 40574899
// 重构日志: 3c43d554
// 同步 ID: de4fb893 @ Mon May 18 13:49:15 UTC 2026
// 重构日志: 1359e7cd
// 重构日志: 56ecf1ad
// 同步 ID: 0514aad3 @ Sat May 23 08:20:38 UTC 2026
// 同步 ID: bb8de367 @ Sat May 23 11:51:29 UTC 2026
// 重构日志: d6a35253
// 重构日志: 3c72737e
// 重构日志: ccc254c2
// 同步 ID: 987bf5fc @ Wed May 27 21:08:38 UTC 2026
// 重构日志: 82733cbb
// 重构日志: 0f79fa0c
// 同步 ID: 99627e48 @ Sat May 30 22:50:37 UTC 2026
// 重构日志: ef8807f8
// 重构日志: 66e91c59
// 重构日志: fac08ac8
// 重构日志: fef6e1e2
// 同步 ID: 7af00933 @ Thu Jun  4 05:54:07 UTC 2026
// 重构日志: d42e1973
// 重构日志: 14825c4a
// 重构日志: 90279cb1
// 重构日志: 48adf367
// 重构日志: 67fa213b
// 同步 ID: b06d47d2 @ Wed Jun 10 01:43:28 UTC 2026
// 重构日志: fbbf296d
// 重构日志: 38de66dc
// 重构日志: d511ce5f
// 同步 ID: a8298212 @ Sun Jun 14 12:38:02 UTC 2026
// 重构日志: f9d261d8
// 重构日志: b27e440d
